0 info it worked if it ends with ok
1 verbose cli [ '/usr/local/bin/node',
1 verbose cli   '/usr/local/bin/npm',
1 verbose cli   'run',
1 verbose cli   'mock',
1 verbose cli   '1072' ]
2 info using npm@3.8.6
3 info using node@v6.0.0
4 verbose run-script [ 'premock', 'mock', 'postmock' ]
5 info lifecycle rap-mock@1.0.0~premock: rap-mock@1.0.0
6 silly lifecycle rap-mock@1.0.0~premock: no script for premock, continuing
7 info lifecycle rap-mock@1.0.0~mock: rap-mock@1.0.0
8 verbose lifecycle rap-mock@1.0.0~mock: unsafe-perm in lifecycle true
9 verbose lifecycle rap-mock@1.0.0~mock: PATH: /usr/local/lib/node_modules/npm/bin/node-gyp-bin:/Users/wangxiangzhong/github/rap-mock/node_modules/.bin:/usr/local/bin:/Users/wangxiangzhong/bin:/usr/local/bin:/usr/local/bin:/usr/bin:/bin:/usr/sbin:/sbin:/usr/local/go/bin
10 verbose lifecycle rap-mock@1.0.0~mock: CWD: /Users/wangxiangzhong/github/rap-mock
11 silly lifecycle rap-mock@1.0.0~mock: Args: [ '-c', 'node index.js "1072"' ]
12 silly lifecycle rap-mock@1.0.0~mock: Returned: code: 1  signal: null
13 info lifecycle rap-mock@1.0.0~mock: Failed to exec mock script
14 verbose stack Error: rap-mock@1.0.0 mock: `node index.js "1072"`
14 verbose stack Exit status 1
14 verbose stack     at EventEmitter.<anonymous> (/usr/local/lib/node_modules/npm/lib/utils/lifecycle.js:239:16)
14 verbose stack     at emitTwo (events.js:106:13)
14 verbose stack     at EventEmitter.emit (events.js:191:7)
14 verbose stack     at ChildProcess.<anonymous> (/usr/local/lib/node_modules/npm/lib/utils/spawn.js:24:14)
14 verbose stack     at emitTwo (events.js:106:13)
14 verbose stack     at ChildProcess.emit (events.js:191:7)
14 verbose stack     at maybeClose (internal/child_process.js:850:16)
14 verbose stack     at Process.ChildProcess._handle.onexit (internal/child_process.js:215:5)
15 verbose pkgid rap-mock@1.0.0
16 verbose cwd /Users/wangxiangzhong/github/rap-mock
17 error Darwin 15.4.0
18 error argv "/usr/local/bin/node" "/usr/local/bin/npm" "run" "mock" "1072"
19 error node v6.0.0
20 error npm  v3.8.6
21 error code ELIFECYCLE
22 error rap-mock@1.0.0 mock: `node index.js "1072"`
22 error Exit status 1
23 error Failed at the rap-mock@1.0.0 mock script 'node index.js "1072"'.
23 error Make sure you have the latest version of node.js and npm installed.
23 error If you do, this is most likely a problem with the rap-mock package,
23 error not with npm itself.
23 error Tell the author that this fails on your system:
23 error     node index.js "1072"
23 error You can get information on how to open an issue for this project with:
23 error     npm bugs rap-mock
23 error Or if that isn't available, you can get their info via:
23 error     npm owner ls rap-mock
23 error There is likely additional logging output above.
24 verbose exit [ 1, true ]
